core/build/outputs/mapping/debug/seeds.txt
com.example.core.data.NewsDao_Impl$7
com.example.core.data.NewsDao_Impl$6
com.example.core.data.service.ApiConfig
com.example.core.R$drawable
com.example.core.data.ListEventsItem
com.example.core.data.service.ApiService
com.example.core.data.NewsDao_Impl$8
com.example.core.data.NewsDao_Impl$2
com.example.core.data.NewsRepository$getHeadlineNews$1$invokeSuspend$$inlined$map$1$2$1
com.example.core.data.NewsRepository$getHeadlineNews$1
com.example.core.domain.repository.INewsRepository
com.example.core.R$string
com.example.core.data.NewsRepository$getBookmarkedNews$$inlined$map$1$2$1
com.example.core.data.NewsDao_Impl$1
com.example.core.data.NewsEntity$Creator
com.example.core.data.NewsDatabase_Impl
com.example.core.data.NewsDao
com.example.core.domain.model.News
com.example.core.data.NewsDao_Impl$5
com.example.core.domain.model.News$Creator
com.example.core.data.NewsDatabase
com.example.core.domain.Result$Error
com.example.core.data.NewsRepository$getHeadlineNews$1$invokeSuspend$$inlined$map$1
com.example.core.data.service.ApiConfig$Companion
com.example.core.data.NewsDao_Impl
com.example.core.data.NewsRepository$getBookmarkedNews$$inlined$map$1$2
com.example.core.data.NewsRepository$getBookmarkedNews$2
com.example.core.data.NewsRepository$getHeadlineNews$2
com.example.core.domain.Result$Success
com.example.core.data.NewsRepository$Companion
com.example.core.domain.Result
com.example.core.domain.Result$Loading
com.example.core.domain.usecase.NewsInteractor
com.example.core.data.NewsRepository$getHeadlineNews$1$invokeSuspend$$inlined$map$1$2
com.example.core.data.NewsRepository$getBookmarkedNews$$inlined$map$1
com.example.core.data.EventResponse
com.example.core.data.NewsDao_Impl$4
com.example.core.data.NewsEntity
com.example.core.domain.usecase.NewsUseCase
com.example.core.data.NewsRepository
com.example.core.utils.DataMapper
com.example.core.data.NewsDao_Impl$3
com.example.core.data.NewsDatabase_Impl$1
com.example.core.data.NewsDatabase$Companion
com.example.core.R
com.example.core.data.NewsRepository$getHeadlineNews$1$invokeSuspend$$inlined$map$1$2$1: java.lang.Object result
com.example.core.data.NewsDatabase_Impl: com.example.core.data.NewsDao _newsDao
com.example.core.data.NewsDao_Impl: androidx.room.RoomDatabase __db
com.example.core.data.NewsRepository: com.example.core.data.NewsRepository instance
com.example.core.data.NewsDatabase: com.example.core.data.NewsDatabase$Companion Companion
com.example.core.domain.model.News: java.lang.String ownerName
com.example.core.domain.model.News: java.lang.String mediaCover
com.example.core.data.NewsRepository$getHeadlineNews$1$invokeSuspend$$inlined$map$1$2$1: int label
com.example.core.data.NewsRepository$getHeadlineNews$1: int label
com.example.core.data.NewsEntity: android.os.Parcelable$Creator CREATOR
com.example.core.R$drawable: int baseline_favorite_border_24
com.example.core.data.NewsRepository$getHeadlineNews$2: java.lang.Object L$1
com.example.core.domain.model.News: boolean isBookmarked
com.example.core.data.NewsRepository: com.example.core.data.service.ApiService apiService
com.example.core.data.EventResponse: java.lang.String message
com.example.core.data.NewsDao_Impl$6: com.example.core.data.NewsDao_Impl this$0
com.example.core.data.NewsRepository$getHeadlineNews$2: java.lang.Object L$0
com.example.core.R$drawable: int ic_bookmark_white
com.example.core.utils.DataMapper: com.example.core.utils.DataMapper INSTANCE
com.example.core.R$string: int title
com.example.core.data.EventResponse: java.util.List listEvents
com.example.core.domain.model.News: java.lang.String cityName
com.example.core.domain.model.News: java.lang.String category
com.example.core.R$drawable: int baseline_keyboard_backspace_24_white
com.example.core.domain.model.News: android.os.Parcelable$Creator CREATOR
com.example.core.data.NewsDatabase: com.example.core.data.NewsDatabase instance
com.example.core.R$drawable: int baseline_favorite_24