core/build/outputs/mapping/debug/mapping.txt
# compiler: R8
# compiler_version: 8.7.18
# common_typos_disable
# {"id":"com.android.tools.r8.mapping","version":"2.2"}
# pg_map_id: fe4b228
# pg_map_hash: SHA-256 fe4b228655a01e648614be15156d8646f786479b12bd55af2a93ecd14445e315
com.example.core.BuildConfig -> com.example.core.BuildConfig:
# {"id":"sourceFile","fileName":"BuildConfig.java"}
    7:7:void <clinit>() -> <clinit>
com.example.core.data.EventResponse -> com.example.core.data.EventResponse:
# {"id":"sourceFile","fileName":"EventResponse.kt"}
    5:5:void <init>(java.util.List,boolean,java.lang.String) -> <init>
    7:7:void <init>(java.util.List,boolean,java.lang.String) -> <init>
    10:10:void <init>(java.util.List,boolean,java.lang.String) -> <init>
    13:13:void <init>(java.util.List,boolean,java.lang.String) -> <init>
    10:10:boolean getError() -> getError
    7:7:java.util.List getListEvents() -> getListEvents
    13:13:java.lang.String getMessage() -> getMessage
com.example.core.data.ListEventsItem -> com.example.core.data.ListEventsItem:
# {"id":"sourceFile","fileName":"DoneEventResponse.kt"}
    5:5:void <init>(java.lang.String,java.lang.String,int,java.lang.String,java.lang.String,java.lang.String,java.lang.String,java.lang.String,int,java.lang.String,int,java.lang.String,java.lang.String,java.lang.String) -> <init>
    7:7:void <init>(java.lang.String,java.lang.String,int,java.lang.String,java.lang.String,java.lang.String,java.lang.String,java.lang.String,int,java.lang.String,int,java.lang.String,java.lang.String,java.lang.String) -> <init>
    10:10:void <init>(java.lang.String,java.lang.String,int,java.lang.String,java.lang.String,java.lang.String,java.lang.String,java.lang.String,int,java.lang.String,int,java.lang.String,java.lang.String,java.lang.String) -> <init>
    13:13:void <init>(java.lang.String,java.lang.String,int,java.lang.String,java.lang.String,java.lang.String,java.lang.String,java.lang.String,int,java.lang.String,int,java.lang.String,java.lang.String,java.lang.String) -> <init>
    16:16:void <init>(java.lang.String,java.lang.String,int,java.lang.String,java.lang.String,java.lang.String,java.lang.String,java.lang.String,int,java.lang.String,int,java.lang.String,java.lang.String,java.lang.String) -> <init>
com.example.core.data.NewsDao -> com.example.core.data.NewsDao:
# {"id":"sourceFile","fileName":"NewsDao.kt"}
com.example.core.data.NewsDao_Impl -> com.example.core.data.NewsDao_Impl:
# {"id":"sourceFile","fileName":"NewsDao_Impl.java"}
    40:40:void <init>(androidx.room.RoomDatabase) -> <init>
    41:41:void <init>(androidx.room.RoomDatabase) -> <init>
    42:42:void <init>(androidx.room.RoomDatabase) -> <init>
    74:74:void <init>(androidx.room.RoomDatabase) -> <init>
    107:107:void <init>(androidx.room.RoomDatabase) -> <init>
    115:115:void <init>(androidx.room.RoomDatabase) -> <init>
    156:156:java.lang.Object deleteAll(kotlin.coroutines.Continuation) -> deleteAll
    251:251:kotlinx.coroutines.flow.Flow getBookmarkedNews() -> getBookmarkedNews
    252:252:kotlinx.coroutines.flow.Flow getBookmarkedNews() -> getBookmarkedNews
    253:253:kotlinx.coroutines.flow.Flow getBookmarkedNews() -> getBookmarkedNews
    179:179:kotlinx.coroutines.flow.Flow getNews() -> getNews
    180:180:kotlinx.coroutines.flow.Flow getNews() -> getNews
    181:181:kotlinx.coroutines.flow.Flow getNews() -> getNews
    323:323:java.util.List getRequiredConverters() -> getRequiredConverters
    120:120:java.lang.Object insertNews(java.util.List,kotlin.coroutines.Continuation) -> insertNews
    138:138:java.lang.Object updateNews(com.example.core.data.NewsEntity,kotlin.coroutines.Continuation) -> updateNews